<?xml version="1.0" encoding="UTF-8"?>
<robot generator="Robot 6.0.1 (Python 3.11.0 on win32)" generated="20221128 13:28:44.138" rpa="false" schemaversion="3">
<suite id="s1" name="Testfile" source="C:\Users\onkar.sarje\OneDrive - Reliance Corporate IT Park Limited\Documents\GitHub\Demo1\tests\testfile.robot">
<test id="s1-t1" name="Should be able to complete product buying journey" line="51">
<kw name="Begin Web Test" library="common" type="SETUP">
<kw name="Open Browser" library="SeleniumLibrary">
<arg>https://www.jio.com/</arg>
<arg>gc</arg>
<doc>Opens a new browser instance to the optional ``url``.</doc>
<msg timestamp="20221128 13:28:44.409" level="INFO">Opening browser 'gc' to base url 'https://www.jio.com/'.</msg>
<status status="PASS" starttime="20221128 13:28:44.409" endtime="20221128 13:28:49.747"/>
</kw>
<kw name="Maximize Browser Window" library="SeleniumLibrary">
<doc>Maximizes current browser window.</doc>
<status status="PASS" starttime="20221128 13:28:49.748" endtime="20221128 13:28:49.869"/>
</kw>
<kw name="Sleep" library="BuiltIn">
<arg>2s</arg>
<doc>Pauses the test executed for the given time.</doc>
<msg timestamp="20221128 13:28:51.869" level="INFO">Slept 2 seconds</msg>
<status status="PASS" starttime="20221128 13:28:49.869" endtime="20221128 13:28:51.869"/>
</kw>
<status status="PASS" starttime="20221128 13:28:44.409" endtime="20221128 13:28:51.869"/>
</kw>
<kw name="Click Element" library="SeleniumLibrary">
<arg>xpath=//*[@id="firstlevel-nav"]/ul/li[4]</arg>
<doc>Click the element identified by ``locator``.</doc>
<msg timestamp="20221128 13:28:51.871" level="INFO">Clicking element 'xpath=//*[@id="firstlevel-nav"]/ul/li[4]'.</msg>
<status status="PASS" starttime="20221128 13:28:51.870" endtime="20221128 13:28:53.379"/>
</kw>
<kw name="Sleep" library="BuiltIn">
<arg>2s</arg>
<doc>Pauses the test executed for the given time.</doc>
<msg timestamp="20221128 13:28:55.380" level="INFO">Slept 2 seconds</msg>
<status status="PASS" starttime="20221128 13:28:53.380" endtime="20221128 13:28:55.380"/>
</kw>
<kw name="Scroll Element Into View" library="SeleniumLibrary">
<arg>xpath=//*[@id="root"]/div/section[6]/div/div[1]/h2</arg>
<doc>Scrolls the element identified by ``locator`` into view.</doc>
<status status="PASS" starttime="20221128 13:28:55.381" endtime="20221128 13:28:55.686"/>
</kw>
<kw name="Sleep" library="BuiltIn">
<arg>2s</arg>
<doc>Pauses the test executed for the given time.</doc>
<msg timestamp="20221128 13:28:57.687" level="INFO">Slept 2 seconds</msg>
<status status="PASS" starttime="20221128 13:28:55.686" endtime="20221128 13:28:57.687"/>
</kw>
<kw name="Click Button" library="SeleniumLibrary">
<arg>xpath=//*[@id="root"]/div/section[4]/div/div[2]/div[3]/div/a/button</arg>
<doc>Clicks the button identified by ``locator``.</doc>
<msg timestamp="20221128 13:28:57.688" level="INFO">Clicking button 'xpath=//*[@id="root"]/div/section[4]/div/div[2]/div[3]/div/a/button'.</msg>
<status status="PASS" starttime="20221128 13:28:57.687" endtime="20221128 13:28:59.775"/>
</kw>
<kw name="Sleep" library="BuiltIn">
<arg>2s</arg>
<doc>Pauses the test executed for the given time.</doc>
<msg timestamp="20221128 13:29:01.777" level="INFO">Slept 2 seconds</msg>
<status status="PASS" starttime="20221128 13:28:59.775" endtime="20221128 13:29:01.777"/>
</kw>
<kw name="Wait Until Element Is Visible" library="SeleniumLibrary">
<arg>xpath=//*[@id="priceHeader"]/div[2]/h2</arg>
<doc>Waits until the element ``locator`` is visible.</doc>
<status status="PASS" starttime="20221128 13:29:01.777" endtime="20221128 13:29:01.802"/>
</kw>
<kw name="Sleep" library="BuiltIn">
<arg>2s</arg>
<doc>Pauses the test executed for the given time.</doc>
<msg timestamp="20221128 13:29:03.802" level="INFO">Slept 2 seconds</msg>
<status status="PASS" starttime="20221128 13:29:01.802" endtime="20221128 13:29:03.802"/>
</kw>
<kw name="Scroll Element Into View" library="SeleniumLibrary">
<arg>xpath=//*[@id="pincode-button"]</arg>
<doc>Scrolls the element identified by ``locator`` into view.</doc>
<status status="PASS" starttime="20221128 13:29:03.803" endtime="20221128 13:29:04.087"/>
</kw>
<kw name="Sleep" library="BuiltIn">
<arg>2s</arg>
<doc>Pauses the test executed for the given time.</doc>
<msg timestamp="20221128 13:29:06.087" level="INFO">Slept 2 seconds</msg>
<status status="PASS" starttime="20221128 13:29:04.087" endtime="20221128 13:29:06.087"/>
</kw>
<kw name="Click Element" library="SeleniumLibrary">
<arg>xpath=//*[@id="address.postcode"]</arg>
<doc>Click the element identified by ``locator``.</doc>
<msg timestamp="20221128 13:29:06.088" level="INFO">Clicking element 'xpath=//*[@id="address.postcode"]'.</msg>
<status status="PASS" starttime="20221128 13:29:06.088" endtime="20221128 13:29:06.167"/>
</kw>
<kw name="Sleep" library="BuiltIn">
<arg>2s</arg>
<doc>Pauses the test executed for the given time.</doc>
<msg timestamp="20221128 13:29:08.168" level="INFO">Slept 2 seconds</msg>
<status status="PASS" starttime="20221128 13:29:06.168" endtime="20221128 13:29:08.168"/>
</kw>
<kw name="Input Text" library="SeleniumLibrary">
<arg>xpath=//*[@id="address.postcode"]</arg>
<arg>413003</arg>
<doc>Types the given ``text`` into the text field identified by ``locator``.</doc>
<msg timestamp="20221128 13:29:08.169" level="INFO">Typing text '413003' into text field 'xpath=//*[@id="address.postcode"]'.</msg>
<status status="PASS" starttime="20221128 13:29:08.169" endtime="20221128 13:29:08.210"/>
</kw>
<kw name="Sleep" library="BuiltIn">
<arg>2s</arg>
<doc>Pauses the test executed for the given time.</doc>
<msg timestamp="20221128 13:29:10.212" level="INFO">Slept 2 seconds</msg>
<status status="PASS" starttime="20221128 13:29:08.211" endtime="20221128 13:29:10.212"/>
</kw>
<kw name="Click Button" library="SeleniumLibrary">
<arg>xpath=//*[@id="pincode-button"]</arg>
<doc>Clicks the button identified by ``locator``.</doc>
<msg timestamp="20221128 13:29:10.212" level="INFO">Clicking button 'xpath=//*[@id="pincode-button"]'.</msg>
<status status="PASS" starttime="20221128 13:29:10.212" endtime="20221128 13:29:10.268"/>
</kw>
<kw name="Sleep" library="BuiltIn">
<arg>2s</arg>
<doc>Pauses the test executed for the given time.</doc>
<msg timestamp="20221128 13:29:12.269" level="INFO">Slept 2 seconds</msg>
<status status="PASS" starttime="20221128 13:29:10.269" endtime="20221128 13:29:12.269"/>
</kw>
<kw name="Scroll Element Into View" library="SeleniumLibrary">
<arg>xpath=//*[@id="AddToCartBTN"]</arg>
<doc>Scrolls the element identified by ``locator`` into view.</doc>
<status status="PASS" starttime="20221128 13:29:12.270" endtime="20221128 13:29:12.554"/>
</kw>
<kw name="Sleep" library="BuiltIn">
<arg>2s</arg>
<doc>Pauses the test executed for the given time.</doc>
<msg timestamp="20221128 13:29:14.557" level="INFO">Slept 2 seconds</msg>
<status status="PASS" starttime="20221128 13:29:12.554" endtime="20221128 13:29:14.557"/>
</kw>
<kw name="Click Button" library="SeleniumLibrary">
<arg>xpath=//*[@id="addToCartForm"]/div[1]/div[1]/div/div/div[2]/button[2]</arg>
<doc>Clicks the button identified by ``locator``.</doc>
<msg timestamp="20221128 13:29:14.557" level="INFO">Clicking button 'xpath=//*[@id="addToCartForm"]/div[1]/div[1]/div/div/div[2]/button[2]'.</msg>
<status status="PASS" starttime="20221128 13:29:14.557" endtime="20221128 13:29:14.612"/>
</kw>
<kw name="Sleep" library="BuiltIn">
<arg>2s</arg>
<doc>Pauses the test executed for the given time.</doc>
<msg timestamp="20221128 13:29:16.613" level="INFO">Slept 2 seconds</msg>
<status status="PASS" starttime="20221128 13:29:14.612" endtime="20221128 13:29:16.613"/>
</kw>
<kw name="Click Button" library="SeleniumLibrary">
<arg>//*[@id="AddToCartBTN"]</arg>
<doc>Clicks the button identified by ``locator``.</doc>
<msg timestamp="20221128 13:29:16.613" level="INFO">Clicking button '//*[@id="AddToCartBTN"]'.</msg>
<status status="PASS" starttime="20221128 13:29:16.613" endtime="20221128 13:29:16.683"/>
</kw>
<kw name="Sleep" library="BuiltIn">
<arg>2s</arg>
<doc>Pauses the test executed for the given time.</doc>
<msg timestamp="20221128 13:29:18.684" level="INFO">Slept 2 seconds</msg>
<status status="PASS" starttime="20221128 13:29:16.684" endtime="20221128 13:29:18.684"/>
</kw>
<kw name="Wait Until Element Is Visible" library="SeleniumLibrary">
<arg>xpath=//*[@id="popup3"]/div/div/div/div[2]/div[2]</arg>
<doc>Waits until the element ``locator`` is visible.</doc>
<status status="PASS" starttime="20221128 13:29:18.685" endtime="20221128 13:29:18.705"/>
</kw>
<kw name="Sleep" library="BuiltIn">
<arg>10s</arg>
<doc>Pauses the test executed for the given time.</doc>
<msg timestamp="20221128 13:29:28.707" level="INFO">Slept 10 seconds</msg>
<status status="PASS" starttime="20221128 13:29:18.705" endtime="20221128 13:29:28.707"/>
</kw>
<kw name="Click Link" library="SeleniumLibrary">
<arg>xpath=//*[@id="digi-cartpopup-GotoCart"]/a</arg>
<doc>Clicks a link identified by ``locator``.</doc>
<msg timestamp="20221128 13:29:28.709" level="INFO">Clicking link 'xpath=//*[@id="digi-cartpopup-GotoCart"]/a'.</msg>
<status status="PASS" starttime="20221128 13:29:28.708" endtime="20221128 13:29:29.928"/>
</kw>
<kw name="Sleep" library="BuiltIn">
<arg>2s</arg>
<doc>Pauses the test executed for the given time.</doc>
<msg timestamp="20221128 13:29:31.929" level="INFO">Slept 2 seconds</msg>
<status status="PASS" starttime="20221128 13:29:29.928" endtime="20221128 13:29:31.929"/>
</kw>
<kw name="Wait Until Element Is Visible" library="SeleniumLibrary">
<arg>xpath=//*[@id="content"]/div[1]/div[2]/div[2]</arg>
<doc>Waits until the element ``locator`` is visible.</doc>
<status status="PASS" starttime="20221128 13:29:31.929" endtime="20221128 13:29:31.948"/>
</kw>
<kw name="Sleep" library="BuiltIn">
<arg>2s</arg>
<doc>Pauses the test executed for the given time.</doc>
<msg timestamp="20221128 13:29:33.950" level="INFO">Slept 2 seconds</msg>
<status status="PASS" starttime="20221128 13:29:31.949" endtime="20221128 13:29:33.950"/>
</kw>
<kw name="Input Text" library="SeleniumLibrary">
<arg>xpath=//*[@id="qty"]</arg>
<arg>3</arg>
<doc>Types the given ``text`` into the text field identified by ``locator``.</doc>
<msg timestamp="20221128 13:29:33.950" level="INFO">Typing text '3' into text field 'xpath=//*[@id="qty"]'.</msg>
<status status="PASS" starttime="20221128 13:29:33.950" endtime="20221128 13:29:34.006"/>
</kw>
<kw name="Sleep" library="BuiltIn">
<arg>2s</arg>
<doc>Pauses the test executed for the given time.</doc>
<msg timestamp="20221128 13:29:36.007" level="INFO">Slept 2 seconds</msg>
<status status="PASS" starttime="20221128 13:29:34.006" endtime="20221128 13:29:36.007"/>
</kw>
<kw name="Click Link" library="SeleniumLibrary">
<arg>xpath=//*[@id="updateCartForm4918948970"]/a</arg>
<doc>Clicks a link identified by ``locator``.</doc>
<msg timestamp="20221128 13:29:36.007" level="INFO">Clicking link 'xpath=//*[@id="updateCartForm4918948970"]/a'.</msg>
<status status="PASS" starttime="20221128 13:29:36.007" endtime="20221128 13:29:38.312"/>
</kw>
<kw name="Sleep" library="BuiltIn">
<arg>2s</arg>
<doc>Pauses the test executed for the given time.</doc>
<msg timestamp="20221128 13:29:40.313" level="INFO">Slept 2 seconds</msg>
<status status="PASS" starttime="20221128 13:29:38.312" endtime="20221128 13:29:40.313"/>
</kw>
<kw name="Scroll Element Into View" library="SeleniumLibrary">
<arg>xpath=//*[@id="checkoutButtonBottom"]</arg>
<doc>Scrolls the element identified by ``locator`` into view.</doc>
<status status="PASS" starttime="20221128 13:29:40.313" endtime="20221128 13:29:40.593"/>
</kw>
<kw name="Sleep" library="BuiltIn">
<arg>2s</arg>
<doc>Pauses the test executed for the given time.</doc>
<msg timestamp="20221128 13:29:42.595" level="INFO">Slept 2 seconds</msg>
<status status="PASS" starttime="20221128 13:29:40.594" endtime="20221128 13:29:42.595"/>
</kw>
<kw name="Click Button" library="SeleniumLibrary">
<arg>xpath=//*[@id="checkoutButtonBottom"]</arg>
<doc>Clicks the button identified by ``locator``.</doc>
<msg timestamp="20221128 13:29:42.596" level="INFO">Clicking button 'xpath=//*[@id="checkoutButtonBottom"]'.</msg>
<status status="PASS" starttime="20221128 13:29:42.596" endtime="20221128 13:29:43.398"/>
</kw>
<kw name="Sleep" library="BuiltIn">
<arg>2s</arg>
<doc>Pauses the test executed for the given time.</doc>
<msg timestamp="20221128 13:29:45.400" level="INFO">Slept 2 seconds</msg>
<status status="PASS" starttime="20221128 13:29:43.399" endtime="20221128 13:29:45.400"/>
</kw>
<kw name="Wait Until Element Is Visible" library="SeleniumLibrary">
<arg>xpath=//*[@id="content"]/div/div/div[3]/div[1]/div[1]/h2</arg>
<doc>Waits until the element ``locator`` is visible.</doc>
<status status="PASS" starttime="20221128 13:29:45.400" endtime="20221128 13:29:45.418"/>
</kw>
<kw name="Sleep" library="BuiltIn">
<arg>2s</arg>
<doc>Pauses the test executed for the given time.</doc>
<msg timestamp="20221128 13:29:47.419" level="INFO">Slept 2 seconds</msg>
<status status="PASS" starttime="20221128 13:29:45.419" endtime="20221128 13:29:47.419"/>
</kw>
<kw name="Input Text" library="SeleniumLibrary">
<arg>xpath=//*[@id="personalDetail.firstName"]</arg>
<arg>Testing</arg>
<doc>Types the given ``text`` into the text field identified by ``locator``.</doc>
<msg timestamp="20221128 13:29:47.419" level="INFO">Typing text 'Testing' into text field 'xpath=//*[@id="personalDetail.firstName"]'.</msg>
<status status="PASS" starttime="20221128 13:29:47.419" endtime="20221128 13:29:47.482"/>
</kw>
<kw name="Sleep" library="BuiltIn">
<arg>2s</arg>
<doc>Pauses the test executed for the given time.</doc>
<msg timestamp="20221128 13:29:49.483" level="INFO">Slept 2 seconds</msg>
<status status="PASS" starttime="20221128 13:29:47.482" endtime="20221128 13:29:49.483"/>
</kw>
<kw name="Input Text" library="SeleniumLibrary">
<arg>xpath=//*[@id="personalDetail.lastName"]</arg>
<arg>Leads</arg>
<doc>Types the given ``text`` into the text field identified by ``locator``.</doc>
<msg timestamp="20221128 13:29:49.485" level="INFO">Typing text 'Leads' into text field 'xpath=//*[@id="personalDetail.lastName"]'.</msg>
<status status="PASS" starttime="20221128 13:29:49.483" endtime="20221128 13:29:49.538"/>
</kw>
<kw name="Sleep" library="BuiltIn">
<arg>2s</arg>
<doc>Pauses the test executed for the given time.</doc>
<msg timestamp="20221128 13:29:51.539" level="INFO">Slept 2 seconds</msg>
<status status="PASS" starttime="20221128 13:29:49.538" endtime="20221128 13:29:51.539"/>
</kw>
<kw name="Input Text" library="SeleniumLibrary">
<arg>xpath=//*[@id="personalDetail.emailAddress"]</arg>
<arg>testing@gmail.com</arg>
<doc>Types the given ``text`` into the text field identified by ``locator``.</doc>
<msg timestamp="20221128 13:29:51.539" level="INFO">Typing text 'testing@gmail.com' into text field 'xpath=//*[@id="personalDetail.emailAddress"]'.</msg>
<status status="PASS" starttime="20221128 13:29:51.539" endtime="20221128 13:29:51.601"/>
</kw>
<kw name="Sleep" library="BuiltIn">
<arg>2s</arg>
<doc>Pauses the test executed for the given time.</doc>
<msg timestamp="20221128 13:29:53.602" level="INFO">Slept 2 seconds</msg>
<status status="PASS" starttime="20221128 13:29:51.602" endtime="20221128 13:29:53.602"/>
</kw>
<kw name="Input Text" library="SeleniumLibrary">
<arg>xpath=//*[@id="personalDetail.mobileNumber"]</arg>
<arg>9137851212</arg>
<doc>Types the given ``text`` into the text field identified by ``locator``.</doc>
<msg timestamp="20221128 13:29:53.602" level="INFO">Typing text '9137851212' into text field 'xpath=//*[@id="personalDetail.mobileNumber"]'.</msg>
<status status="PASS" starttime="20221128 13:29:53.602" endtime="20221128 13:29:53.659"/>
</kw>
<kw name="Sleep" library="BuiltIn">
<arg>2s</arg>
<doc>Pauses the test executed for the given time.</doc>
<msg timestamp="20221128 13:29:55.661" level="INFO">Slept 2 seconds</msg>
<status status="PASS" starttime="20221128 13:29:53.659" endtime="20221128 13:29:55.661"/>
</kw>
<kw name="Click Button" library="SeleniumLibrary">
<arg>xpath=//*[@id="personalDetailsContinueBtn"]</arg>
<doc>Clicks the button identified by ``locator``.</doc>
<msg timestamp="20221128 13:29:55.662" level="INFO">Clicking button 'xpath=//*[@id="personalDetailsContinueBtn"]'.</msg>
<status status="PASS" starttime="20221128 13:29:55.661" endtime="20221128 13:29:57.337"/>
</kw>
<kw name="Sleep" library="BuiltIn">
<arg>2s</arg>
<doc>Pauses the test executed for the given time.</doc>
<msg timestamp="20221128 13:29:59.338" level="INFO">Slept 2 seconds</msg>
<status status="PASS" starttime="20221128 13:29:57.338" endtime="20221128 13:29:59.338"/>
</kw>
<kw name="Wait Until Element Is Visible" library="SeleniumLibrary">
<arg>xpath=//*[@id="content"]/div/div/div[4]/div[1]/div[1]/h2</arg>
<doc>Waits until the element ``locator`` is visible.</doc>
<status status="PASS" starttime="20221128 13:29:59.338" endtime="20221128 13:29:59.358"/>
</kw>
<kw name="Sleep" library="BuiltIn">
<arg>2s</arg>
<doc>Pauses the test executed for the given time.</doc>
<msg timestamp="20221128 13:30:01.359" level="INFO">Slept 2 seconds</msg>
<status status="PASS" starttime="20221128 13:29:59.358" endtime="20221128 13:30:01.359"/>
</kw>
<kw name="Input Text" library="SeleniumLibrary">
<arg>xpath=//*[@id="address.line1"]</arg>
<arg>Testing 2</arg>
<doc>Types the given ``text`` into the text field identified by ``locator``.</doc>
<msg timestamp="20221128 13:30:01.359" level="INFO">Typing text 'Testing 2' into text field 'xpath=//*[@id="address.line1"]'.</msg>
<status status="PASS" starttime="20221128 13:30:01.359" endtime="20221128 13:30:01.420"/>
</kw>
<kw name="Sleep" library="BuiltIn">
<arg>2s</arg>
<doc>Pauses the test executed for the given time.</doc>
<msg timestamp="20221128 13:30:03.420" level="INFO">Slept 2 seconds</msg>
<status status="PASS" starttime="20221128 13:30:01.420" endtime="20221128 13:30:03.420"/>
</kw>
<kw name="Click Element" library="SeleniumLibrary">
<arg>xpath=//*[@id="address.line2"]</arg>
<doc>Click the element identified by ``locator``.</doc>
<msg timestamp="20221128 13:30:03.420" level="INFO">Clicking element 'xpath=//*[@id="address.line2"]'.</msg>
<status status="PASS" starttime="20221128 13:30:03.420" endtime="20221128 13:30:03.473"/>
</kw>
<kw name="Sleep" library="BuiltIn">
<arg>2s</arg>
<doc>Pauses the test executed for the given time.</doc>
<msg timestamp="20221128 13:30:05.475" level="INFO">Slept 2 seconds</msg>
<status status="PASS" starttime="20221128 13:30:03.474" endtime="20221128 13:30:05.475"/>
</kw>
<kw name="Input Text" library="SeleniumLibrary">
<arg>xpath=//*[@id="address.line2"]</arg>
<arg>Leads 2</arg>
<doc>Types the given ``text`` into the text field identified by ``locator``.</doc>
<msg timestamp="20221128 13:30:05.475" level="INFO">Typing text 'Leads 2' into text field 'xpath=//*[@id="address.line2"]'.</msg>
<status status="PASS" starttime="20221128 13:30:05.475" endtime="20221128 13:30:05.515"/>
</kw>
<kw name="Sleep" library="BuiltIn">
<arg>2s</arg>
<doc>Pauses the test executed for the given time.</doc>
<msg timestamp="20221128 13:30:07.516" level="INFO">Slept 2 seconds</msg>
<status status="PASS" starttime="20221128 13:30:05.515" endtime="20221128 13:30:07.516"/>
</kw>
<kw name="Input Text" library="SeleniumLibrary">
<arg>xpath=//*[@id="address.area.locality"]</arg>
<arg>again 2</arg>
<doc>Types the given ``text`` into the text field identified by ``locator``.</doc>
<msg timestamp="20221128 13:30:07.517" level="INFO">Typing text 'again 2' into text field 'xpath=//*[@id="address.area.locality"]'.</msg>
<status status="PASS" starttime="20221128 13:30:07.516" endtime="20221128 13:30:07.574"/>
</kw>
<kw name="Sleep" library="BuiltIn">
<arg>2s</arg>
<doc>Pauses the test executed for the given time.</doc>
<msg timestamp="20221128 13:30:09.575" level="INFO">Slept 2 seconds</msg>
<status status="PASS" starttime="20221128 13:30:07.575" endtime="20221128 13:30:09.575"/>
</kw>
<kw name="Click Button" library="SeleniumLibrary">
<arg>//*[@id="addressForm"]/span/button</arg>
<doc>Clicks the button identified by ``locator``.</doc>
<msg timestamp="20221128 13:30:09.575" level="INFO">Clicking button '//*[@id="addressForm"]/span/button'.</msg>
<status status="PASS" starttime="20221128 13:30:09.575" endtime="20221128 13:30:11.952"/>
</kw>
<kw name="Sleep" library="BuiltIn">
<arg>2s</arg>
<doc>Pauses the test executed for the given time.</doc>
<msg timestamp="20221128 13:30:13.953" level="INFO">Slept 2 seconds</msg>
<status status="PASS" starttime="20221128 13:30:11.953" endtime="20221128 13:30:13.953"/>
</kw>
<kw name="Log" library="BuiltIn">
<arg>Test Case Completed</arg>
<doc>Logs the given message with the given level.</doc>
<msg timestamp="20221128 13:30:13.953" level="INFO">Test Case Completed</msg>
<status status="PASS" starttime="20221128 13:30:13.953" endtime="20221128 13:30:13.953"/>
</kw>
<kw name="End Web Test" library="common" type="TEARDOWN">
<kw name="Close All Browsers" library="SeleniumLibrary">
<doc>Closes all open browsers and resets the browser cache.</doc>
<status status="PASS" starttime="20221128 13:30:13.955" endtime="20221128 13:30:20.680"/>
</kw>
<status status="PASS" starttime="20221128 13:30:13.953" endtime="20221128 13:30:20.681"/>
</kw>
<doc>Should be able to go upto Payments page.</doc>
<tag>Test2</tag>
<status status="PASS" starttime="20221128 13:28:44.408" endtime="20221128 13:30:20.681"/>
</test>
<status status="PASS" starttime="20221128 13:28:44.144" endtime="20221128 13:30:20.682"/>
</suite>
<statistics>
<total>
<stat pass="1" fail="0" skip="0">All Tests</stat>
</total>
<tag>
<stat pass="1" fail="0" skip="0">Test2</stat>
</tag>
<suite>
<stat pass="1" fail="0" skip="0" id="s1" name="Testfile">Testfile</stat>
</suite>
</statistics>
<errors>
</errors>
</robot>
